<?xml version="1.0" encoding="UTF-8"?>
<!-- Generated by org.testng.reporters.JUnitReportReporter -->
<testsuite hostname="DESKTOP-AAKCC97" failures="0" tests="1" name="com.fms.testcases.TC_NewsignuppagePage" time="6.907" errors="0" timestamp="2024-05-31T14:09:33 IST" skipped="0">
  <testcase classname="com.fms.testcases.TC_NewsignuppagePage" name="verifyRegistrationAndLogin" time="6.907"/>
</testsuite> <!-- com.fms.testcases.TC_NewsignuppagePage -->
